<?xml version="1.0" encoding="UTF-8"?>
<!-- Generated by org.testng.reporters.JUnitXMLReporter -->
<testsuite ignored="0" hostname="DESKTOP-QHDOD9N" failures="0" tests="3" name="Vested Finance Android Automation - Tests" time="76.948" errors="0" timestamp="2023-08-21T05:09:17 PKT">
  <testcase classname="com.volopa.test.Test_Login" name="LoginWithInvalidCredentials" time="27.599"/>
  <testcase classname="com.volopa.test.Test_Login" name="LoginWithValidCredentials" time="27.644"/>
  <testcase classname="com.volopa.test.Test_Login" name="VerifyErrorMessagesWithEmptyFiels" time="17.688"/>
</testsuite> <!-- Vested Finance Android Automation - Tests -->
