<?xml version="1.0" encoding="UTF-8"?>
<!-- Generated by org.testng.reporters.JUnitXMLReporter -->
<testsuite ignored="0" hostname="DESKTOP-QHDOD9N" failures="0" tests="2" name="Vested Finance Android Automation - Tests" time="101.35" errors="0" timestamp="2023-08-11T19:02:19 PKT">
  <testcase classname="com.volopa.test.Test_Login" name="LoginWithInvalidCredentials" time="50.051"/>
  <testcase classname="com.volopa.test.Test_Login" name="LoginWithValidCredentials" time="45.385"/>
</testsuite> <!-- Vested Finance Android Automation - Tests -->
